2025-10-17 17:41:18 - You select: /data/ipp.pcap
2025-10-17 17:41:18 - Out folder: /out
2025-10-17 17:41:18 - CICFlowMeter received 1 pcap file
2025-10-17 17:42:08 - You select: /data/ipp.pcap
2025-10-17 17:42:08 - Out folder: /out
2025-10-17 17:42:08 - CICFlowMeter received 1 pcap file
2025-10-17 20:23:18 - You select: /data/ipp.pcap
2025-10-17 20:23:18 - Out folder: /out
2025-10-17 20:23:18 - CICFlowMeter received 1 pcap file
2025-10-17 20:23:27 - You select: /data/ipp.pcap
2025-10-17 20:23:27 - Out folder: /out
2025-10-17 20:23:27 - CICFlowMeter received 1 pcap file
2025-10-17 20:24:54 - You select: /data/ipp.pcap
2025-10-17 20:24:54 - Out folder: /out
2025-10-17 20:24:54 - CICFlowMeter received 1 pcap file
2025-10-17 20:25:20 - You select: /data/ipp.pcap
2025-10-17 20:25:20 - Out folder: /out
2025-10-17 20:25:20 - CICFlowMeter received 1 pcap file
2025-10-17 20:25:42 - You select: /data/ipp.pcap
2025-10-17 20:25:42 - Out folder: /out
2025-10-17 20:25:42 - CICFlowMeter received 1 pcap file
2025-10-17 20:25:49 - You select: /data/ipp.pcap
2025-10-17 20:25:49 - Out folder: /out
2025-10-17 20:25:49 - CICFlowMeter received 1 pcap file
2025-10-18 09:14:59 - You select: /data/ipp.pcap
2025-10-18 09:14:59 - Out folder: /out
2025-10-18 09:14:59 - CICFlowMeter received 1 pcap file
2025-10-18 09:15:18 - You select: /data/ipp.pcap
2025-10-18 09:15:18 - Out folder: /out
2025-10-18 09:15:19 - CICFlowMeter received 1 pcap file
2025-10-18 09:15:40 - You select: /data/ipp.pcap
2025-10-18 09:15:40 - Out folder: /out
2025-10-18 09:15:40 - CICFlowMeter received 1 pcap file
2025-10-18 11:16:12 - You select: /data/ipv4frags.pcap
2025-10-18 11:16:12 - Out folder: /out
2025-10-18 11:16:13 - CICFlowMeter received 1 pcap file
2025-10-18 11:18:15 - You select: /data/ipv4frags copy.pcap
2025-10-18 11:18:15 - Out folder: /out
2025-10-18 11:18:15 - CICFlowMeter received 1 pcap file
2025-10-18 11:18:51 - You select: /data/ipp copy.pcap
2025-10-18 11:18:51 - Out folder: /out
2025-10-18 11:18:51 - CICFlowMeter received 1 pcap file
2025-10-18 11:38:21 - You select: /data
2025-10-18 11:38:21 - Out folder: /out
2025-10-19 10:55:49 - You select: /data/ipp copy 2.pcap
2025-10-19 10:55:49 - Out folder: /out
2025-10-19 10:55:49 - CICFlowMeter received 1 pcap file
2025-10-19 10:56:46 - You select: /data/ipp.pcap
2025-10-19 10:56:46 - Out folder: /out
2025-10-19 10:56:46 - CICFlowMeter received 1 pcap file
2025-10-19 11:43:56 - You select: /data/ipp.pcap
2025-10-19 11:43:56 - Out folder: /out
2025-10-19 11:43:56 - CICFlowMeter received 1 pcap file
2025-10-19 12:30:43 - You select: /data/ipp.pcap
2025-10-19 12:30:43 - Out folder: /out
2025-10-19 12:30:43 - CICFlowMeter received 1 pcap file
2025-10-19 13:44:45 - You select: /data/ipp.pcap
2025-10-19 13:44:45 - Out folder: /out
2025-10-19 13:44:45 - CICFlowMeter received 1 pcap file
2025-10-19 13:49:12 - You select: /data/ipp.pcap
2025-10-19 13:49:12 - Out folder: /out
2025-10-19 13:49:13 - CICFlowMeter received 1 pcap file
2025-10-19 13:52:10 - You select: /data/ipp.pcap
2025-10-19 13:52:10 - Out folder: /out
2025-10-19 13:52:10 - CICFlowMeter received 1 pcap file
2025-10-19 13:53:12 - You select: /data/ipp.pcap
2025-10-19 13:53:12 - Out folder: /out
2025-10-19 13:53:12 - CICFlowMeter received 1 pcap file
2025-10-19 16:37:33 - You select: /data/sample_50k.pcap
2025-10-19 16:37:33 - Out folder: /out
2025-10-19 16:37:33 - Please select pcap file!
2025-10-19 16:38:34 - You select: /data/sample_50k copy.pcap
2025-10-19 16:38:34 - Out folder: /out
2025-10-19 16:38:34 - Please select pcap file!
2025-10-19 16:38:47 - You select: /data/ipp copy 3.pcap
2025-10-19 16:38:47 - Out folder: /out
2025-10-19 16:38:47 - CICFlowMeter received 1 pcap file
2025-10-19 16:46:01 - You select: /data/sample_50k_pcap.pcap
2025-10-19 16:46:01 - Out folder: /out
2025-10-19 16:46:01 - CICFlowMeter received 1 pcap file
2025-10-19 17:13:46 - You select: /data/attack_50k_pcap.pcap
2025-10-19 17:13:46 - Out folder: /out
2025-10-19 17:13:47 - CICFlowMeter received 1 pcap file
2025-10-19 17:37:27 - You select: /data/DoS-GoldenEye_attack.pcap
2025-10-19 17:37:27 - Out folder: /out
2025-10-19 17:37:27 - CICFlowMeter received 1 pcap file
2025-10-19 19:26:19 - You select: /data/DoS-GoldenEye_attack copy.pcap
2025-10-19 19:26:19 - Out folder: /out
2025-10-19 19:26:19 - CICFlowMeter received 1 pcap file
2025-10-19 20:34:34 - You select: /data/DoS-GoldenEye_attack copy 2.pcap
2025-10-19 20:34:34 - Out folder: /out
2025-10-19 20:34:34 - CICFlowMeter received 1 pcap file
2025-10-19 20:37:42 - You select: /data/DoS-GoldenEye_attack copy 3.pcap
2025-10-19 20:37:42 - Out folder: /out
2025-10-19 20:37:42 - CICFlowMeter received 1 pcap file
2025-10-19 20:42:08 - You select: /data/DoS-GoldenEye_attack copy 4.pcap
2025-10-19 20:42:08 - Out folder: /out
2025-10-19 20:42:08 - CICFlowMeter received 1 pcap file
2025-10-19 20:45:44 - You select: /data/DoS-GoldenEye_attack copy 3.pcap
2025-10-19 20:45:44 - Out folder: /out
2025-10-19 20:45:44 - CICFlowMeter received 1 pcap file
2025-10-19 20:49:31 - You select: /data/DoS-GoldenEye_attack copy 3.pcap
2025-10-19 20:49:31 - Out folder: /out
2025-10-19 20:49:31 - CICFlowMeter received 1 pcap file
2025-10-19 20:50:34 - You select: /data/DoS-GoldenEye_attack copy 4.pcap
2025-10-19 20:50:34 - Out folder: /out
2025-10-19 20:50:34 - CICFlowMeter received 1 pcap file
2025-10-19 20:54:35 - You select: /data/DoS-GoldenEye_attack copy 5.pcap
2025-10-19 20:54:35 - Out folder: /out
2025-10-19 20:54:35 - CICFlowMeter received 1 pcap file
2025-10-19 20:57:30 - You select: /data/DoS-GoldenEye_attack copy 3.pcap
2025-10-19 20:57:30 - Out folder: /out
2025-10-19 20:57:30 - CICFlowMeter received 1 pcap file
2025-10-19 20:58:14 - You select: /data/DoS-GoldenEye_attack copy 4.pcap
2025-10-19 20:58:14 - Out folder: /out
2025-10-19 20:58:14 - CICFlowMeter received 1 pcap file
2025-10-19 21:01:53 - You select: /data/DoS-GoldenEye_attack copy 5.pcap
2025-10-19 21:01:53 - Out folder: /out
2025-10-19 21:01:53 - CICFlowMeter received 1 pcap file
2025-10-19 21:05:51 - You select: /data/DoS-GoldenEye_attack copy 6.pcap
2025-10-19 21:05:51 - Out folder: /out
2025-10-19 21:05:52 - CICFlowMeter received 1 pcap file
2025-10-19 21:12:40 - You select: /data/DoS-GoldenEye_attack copy 7.pcap
2025-10-19 21:12:40 - Out folder: /out
2025-10-19 21:12:40 - CICFlowMeter received 1 pcap file
2025-10-19 21:18:20 - You select: /data/DoS-GoldenEye_attack copy 8.pcap
2025-10-19 21:18:20 - Out folder: /out
2025-10-19 21:18:21 - CICFlowMeter received 1 pcap file
2025-10-19 21:19:50 - You select: /data/DoS-GoldenEye_attack copy 9.pcap
2025-10-19 21:19:50 - Out folder: /out
2025-10-19 21:19:51 - CICFlowMeter received 1 pcap file
2025-10-20 07:10:23 - You select: /data/DoS-GoldenEye_attack copy 10.pcap
2025-10-20 07:10:23 - Out folder: /out
2025-10-20 07:10:23 - CICFlowMeter received 1 pcap file
2025-10-20 07:13:53 - You select: /data/ipp copy.pcap
2025-10-20 07:13:53 - Out folder: /out
2025-10-20 07:13:53 - CICFlowMeter received 1 pcap file
2025-10-20 07:14:50 - You select: /data/ipp copy 2.pcap
2025-10-20 07:14:50 - Out folder: /out
2025-10-20 07:14:50 - CICFlowMeter received 1 pcap file
2025-10-20 07:15:15 - You select: /data/ipp copy 3.pcap
2025-10-20 07:15:15 - Out folder: /out
2025-10-20 07:15:15 - CICFlowMeter received 1 pcap file
2025-10-20 07:19:31 - You select: /data/ipp copy 4.pcap
2025-10-20 07:19:31 - Out folder: /out
2025-10-20 07:19:31 - CICFlowMeter received 1 pcap file
2025-10-20 07:20:50 - You select: /data/ipp copy 5.pcap
2025-10-20 07:20:50 - Out folder: /out
2025-10-20 07:20:50 - CICFlowMeter received 1 pcap file
2025-10-20 07:25:14 - You select: /data/DoS-GoldenEye_attack copy 11.pcap
2025-10-20 07:25:14 - Out folder: /out
2025-10-20 07:25:14 - CICFlowMeter received 1 pcap file
2025-10-20 07:40:35 - You select: /data/ipp.pcap
2025-10-20 07:40:35 - Out folder: /out
2025-10-20 07:40:36 - CICFlowMeter received 1 pcap file
2025-10-20 07:41:12 - You select: /data/ipp copy 6.pcap
2025-10-20 07:41:12 - Out folder: /out
2025-10-20 07:41:12 - CICFlowMeter received 1 pcap file
2025-10-20 07:42:30 - You select: /data/ipp.pcap
2025-10-20 07:42:30 - Out folder: /out
2025-10-20 07:42:30 - CICFlowMeter received 1 pcap file
2025-10-20 07:43:15 - You select: /data/ipp.pcap
2025-10-20 07:43:15 - Out folder: /out
2025-10-20 07:43:15 - CICFlowMeter received 1 pcap file
2025-10-20 07:43:58 - You select: /data/ipp2.pcap
2025-10-20 07:43:58 - Out folder: /out
2025-10-20 07:43:58 - You select: /data/ipp2.pcap
2025-10-20 07:43:58 - Out folder: /out
2025-10-20 07:43:59 - CICFlowMeter received 1 pcap file
2025-10-20 07:43:59 - CICFlowMeter received 1 pcap file
2025-10-21 10:06:01 - You select: /data/ipp copy.pcap
2025-10-21 10:06:01 - Out folder: /out
2025-10-21 10:06:01 - CICFlowMeter received 1 pcap file
2025-10-28 10:25:01 - You select: /data/DoS-GoldenEye_attack copy 11 - kopie.pcap
2025-10-28 10:25:01 - Out folder: /out
2025-10-28 10:25:01 - CICFlowMeter received 1 pcap file
2025-10-28 10:36:49 - You select: /data/DoS-GoldenEye_attack copy 11 - kopie - kopie.pcap
2025-10-28 10:36:49 - Out folder: /out
2025-10-28 10:36:50 - CICFlowMeter received 1 pcap file
2025-10-28 11:28:01 - You select: /data/DoS-GoldenEye_attack copy 11 - kopie (2).pcap
2025-10-28 11:28:01 - Out folder: /out
2025-10-28 11:28:02 - CICFlowMeter received 1 pcap file
2025-10-28 11:30:23 - You select: /data/ipp copy - kopie.pcap
2025-10-28 11:30:23 - Out folder: /out
2025-10-28 11:30:24 - CICFlowMeter received 1 pcap file
2025-10-28 11:30:42 - You select: /data/ipv4frags - kopie.pcap
2025-10-28 11:30:42 - Out folder: /out
2025-10-28 11:30:42 - CICFlowMeter received 1 pcap file
